<?xml version="1.0" encoding="UTF-8"?>
<testng-results ignored="0" total="1" passed="1" failed="0" skipped="0">
  <reporter-output>
  </reporter-output>
  <suite started-at="2023-06-08T09:50:36 CEST" name="Default suite" finished-at="2023-06-08T09:50:41 CEST" duration-ms="4404">
    <groups>
      <group name="smoke">
        <method signature="CountAPITest.test_create_api()[pri:1, instance:com.api.test.CountAPITest@1d296da]" name="test_create_api" class="com.api.test.CountAPITest"/>
      </group> <!-- smoke -->
      <group name="sanity">
        <method signature="CountAPITest.test_create_api()[pri:1, instance:com.api.test.CountAPITest@1d296da]" name="test_create_api" class="com.api.test.CountAPITest"/>
      </group> <!-- sanity -->
      <group name="e2e">
        <method signature="CountAPITest.test_create_api()[pri:1, instance:com.api.test.CountAPITest@1d296da]" name="test_create_api" class="com.api.test.CountAPITest"/>
      </group> <!-- e2e -->
    </groups>
    <test started-at="2023-06-08T09:50:36 CEST" name="Default test" finished-at="2023-06-08T09:50:41 CEST" duration-ms="4404">
      <class name="com.api.test.CountAPITest">
        <test-method is-config="true" signature="setup()[pri:0, instance:com.api.test.CountAPITest@1d296da]" started-at="2023-06-08T09:50:36 CEST" name="setup" description="Setting up the baseURI" finished-at="2023-06-08T09:50:40 CEST" duration-ms="3219" status="PASS">
          <reporter-output>
          </reporter-output>
        </test-method> <!-- setup -->
        <test-method signature="test_create_api()[pri:1, instance:com.api.test.CountAPITest@1d296da]" started-at="2023-06-08T09:50:40 CEST" name="test_create_api" description="verify if count job api can count job number" finished-at="2023-06-08T09:50:41 CEST" duration-ms="1130" status="PASS">
          <reporter-output>
          </reporter-output>
        </test-method> <!-- test_create_api -->
      </class> <!-- com.api.test.CountAPITest -->
    </test> <!-- Default test -->
  </suite> <!-- Default suite -->
</testng-results>
